[2025-09-12 08:41:39.551] [INFO] [dev.kostromdan.mods.crash_assistant.app.CrashAssistantApp]: CrashAssistantApp running: JVM args: [-XX:+UseSerialGC, -XX:MaxHeapFreeRatio=30, -XX:MinHeapFreeRatio=10, -XX:MaxGCPauseMillis=10000, -Xms8m, -Xmx512m]
[2025-09-12 08:41:39.554] [INFO] [dev.kostromdan.mods.crash_assistant.app.CrashAssistantApp]: CrashAssistantApp running: program args: [-jarPath, /mnt/Bulk Drive/Minecraft/UltimMC(Linux)/instances/All the Mods 10- To The Sky/.minecraft/local/crash_assistant/32177_1757645792240_app.jar, -parentPID, 32177, -parentStarted, 1757645792240, -platform, NEOFORGE, -loaderJarName, neoforge-21.1.206, -minecraftVersion, 1.21.1, -childProcessesPIDs, VU5ERUZJTkVE, -crashAssistantModJarPath, /mnt/Bulk Drive/Minecraft/UltimMC(Linux)/instances/All the Mods 10- To The Sky/.minecraft/mods/CrashAssistant-neoforge-1.20.6-1.21.4-1.9.15.jar, -log4jApi, /mnt/Bulk Drive/Minecraft/UltimMC(Linux)/libraries/org/apache/logging/log4j/log4j-api/2.22.1/log4j-api-2.22.1.jar, -log4jCore, /mnt/Bulk Drive/Minecraft/UltimMC(Linux)/libraries/org/apache/logging/log4j/log4j-core/2.22.1/log4j-core-2.22.1.jar, -googleGson, /mnt/Bulk Drive/Minecraft/UltimMC(Linux)/libraries/com/google/code/gson/gson/2.10.1/gson-2.10.1.jar, -commonIo, /mnt/Bulk Drive/Minecraft/UltimMC(Linux)/libraries/commons-io/commons-io/2.15.1/commons-io-2.15.1.jar, -parentXms, 2048m, -parentXmx, 8192m, -systemRAM, 15.3g, -processor, MTN0aCBHZW4gSW50ZWwoUikgQ29yZShUTSkgaTUtMTM0MjBI, -serialisedGPUs, VnVsa2FuIEdQVSBkZXRlY3Rpb24gYWRkb24gbm90IGZvdW5kLCBmYWxsaW5nIGJhY2sgdG8gRGlyZWN0WApEaXJlY3RYIEdQVSBkZXRlY3Rpb24gaXMgbm90IHN1cHBvcnRlZCBvbiBub24tV2luZG93cyBwbGF0Zm9ybXMKSWYgeW91IHdhbnQgTWluZWNyYWZ0IHJ1bm5pbmcgb2YgaW50ZWdyYXRlZCBHUFUgd2hpbGUgZGVkaWNhdGVkIEdQVSBleGlzdHMgd2FybmluZyBmZWF0dXJlIHdvcmsgb24geW91ciBwYywKcGxzIGluc3RhbGwgb3VyIGFkZG9uIHdpdGggVnVsa2FuIGxpYiAoQ3Jhc2ggQXNzaXN0YW50IGNyb3NzIHBsYXRmb3JtIGludGVncmF0ZWQgR1BVIGRldGVjdGlvbiBhZGRvbikuCg==, -recursiveStart]
[2025-09-12 08:41:39.555] [INFO] [dev.kostromdan.mods.crash_assistant.app.CrashAssistantApp]: CrashAssistantApp running from: /mnt/Bulk Drive/Minecraft/UltimMC(Linux)/instances/All the Mods 10- To The Sky/.minecraft
[2025-09-12 08:41:39.555] [INFO] [dev.kostromdan.mods.crash_assistant.app.CrashAssistantApp]: crashAssistantJarName: CrashAssistant-neoforge-1.20.6-1.21.4-1.9.15.jar
[2025-09-12 08:41:39.556] [INFO] [dev.kostromdan.mods.crash_assistant.app.CrashAssistantApp]: Parent PID: 32177
[2025-09-12 08:41:39.557] [INFO] [dev.kostromdan.mods.crash_assistant.app.CrashAssistantApp]: Parent started: 1757645792240
[2025-09-12 08:41:39.559] [INFO] [dev.kostromdan.mods.crash_assistant.app.CrashAssistantApp]: Platform: NEOFORGE
[2025-09-12 08:41:39.559] [INFO] [dev.kostromdan.mods.crash_assistant.app.CrashAssistantApp]: loaderJarName: neoforge-21.1.206
[2025-09-12 08:41:39.560] [INFO] [dev.kostromdan.mods.crash_assistant.app.CrashAssistantApp]: minecraftVersion: 1.21.1
[2025-09-12 08:41:39.560] [INFO] [dev.kostromdan.mods.crash_assistant.app.CrashAssistantApp]: childProcessesPIDs: UNDEFINED
[2025-09-12 08:41:39.560] [INFO] [dev.kostromdan.mods.crash_assistant.app.CrashAssistantApp]: parentXms: 2048m
[2025-09-12 08:41:39.561] [INFO] [dev.kostromdan.mods.crash_assistant.app.CrashAssistantApp]: parentXmx: 8192m
[2025-09-12 08:41:39.561] [INFO] [dev.kostromdan.mods.crash_assistant.app.CrashAssistantApp]: systemRAM: 15.3g
[2025-09-12 08:41:39.561] [INFO] [dev.kostromdan.mods.crash_assistant.app.CrashAssistantApp]: processor: 13th Gen Intel(R) Core(TM) i5-13420H
[2025-09-12 08:41:39.561] [INFO] [dev.kostromdan.mods.crash_assistant.app.CrashAssistantApp]: Boot.serialisedGPUs:
Vulkan GPU detection addon not found, falling back to DirectX
DirectX GPU detection is not supported on non-Windows platforms
If you want Minecraft running of integrated GPU while dedicated GPU exists warning feature work on your pc,
pls install our addon with Vulkan lib (Crash Assistant cross platform integrated GPU detection addon).

[2025-09-12 08:41:39.562] [INFO] [dev.kostromdan.mods.crash_assistant.app.CrashAssistantApp]: os.name: linux
[2025-09-12 08:41:39.566] [INFO] [dev.kostromdan.mods.crash_assistant.app.CrashAssistantApp]: Java path: /usr/lib/jvm/java-24-openjdk/bin/java
[2025-09-12 08:41:39.567] [INFO] [dev.kostromdan.mods.crash_assistant.app.CrashAssistantApp]: Java version: 24.0.2
[2025-09-12 08:41:39.630] [INFO] [dev.kostromdan.mods.crash_assistant.app.CrashAssistantApp]: CrashAssistantApp started successfully. Waiting for PID 32177 to stop.
[2025-09-12 08:42:29.482] [INFO] [dev.kostromdan.mods.crash_assistant.app.CrashAssistantApp]: Minecraft is running on renderer:
Mesa Intel(R) Graphics (RPL-P)
[2025-09-12 09:16:41.225] [INFO] [dev.kostromdan.mods.crash_assistant.app.CrashAssistantApp]: PID "32177" is not alive or reused by another process. Minecraft JVM appears to have stopped.
[2025-09-12 09:16:41.269] [INFO] [dev.kostromdan.mods.crash_assistant.app.CrashAssistantApp]: Adding latest.log from /mnt/Bulk Drive/Minecraft/UltimMC(Linux)/instances/All the Mods 10- To The Sky/.minecraft/logs/latest.log
[2025-09-12 09:16:41.271] [INFO] [dev.kostromdan.mods.crash_assistant.app.CrashAssistantApp]: Adding debug.log from /mnt/Bulk Drive/Minecraft/UltimMC(Linux)/instances/All the Mods 10- To The Sky/.minecraft/logs/debug.log
[2025-09-12 09:16:41.278] [INFO] [dev.kostromdan.mods.crash_assistant.app.CrashAssistantApp]: Adding KubeJS: client.log from /mnt/Bulk Drive/Minecraft/UltimMC(Linux)/instances/All the Mods 10- To The Sky/.minecraft/logs/kubejs/client.log
[2025-09-12 09:16:41.281] [INFO] [dev.kostromdan.mods.crash_assistant.app.CrashAssistantApp]: Adding KubeJS: server.log from /mnt/Bulk Drive/Minecraft/UltimMC(Linux)/instances/All the Mods 10- To The Sky/.minecraft/logs/kubejs/server.log
[2025-09-12 09:16:41.283] [INFO] [dev.kostromdan.mods.crash_assistant.app.CrashAssistantApp]: Adding KubeJS: startup.log from /mnt/Bulk Drive/Minecraft/UltimMC(Linux)/instances/All the Mods 10- To The Sky/.minecraft/logs/kubejs/startup.log
[2025-09-12 09:16:41.285] [INFO] [dev.kostromdan.mods.crash_assistant.app.CrashAssistantApp]: Adding crash_assistant_app.log from /mnt/Bulk Drive/Minecraft/UltimMC(Linux)/instances/All the Mods 10- To The Sky/.minecraft/logs/crash_assistant/crash_assistant_app.log
[2025-09-12 09:16:41.285] [INFO] [dev.kostromdan.mods.crash_assistant.app.CrashAssistantApp]: Reached first tick of TitleScreen: true
[2025-09-12 09:16:41.286] [INFO] [dev.kostromdan.mods.crash_assistant.app.CrashAssistantApp]: Joined world successfully: true
[2025-09-12 09:16:41.286] [INFO] [dev.kostromdan.mods.crash_assistant.app.CrashAssistantApp]: stop() function of Minecraft fired: true
[2025-09-12 09:16:41.286] [INFO] [dev.kostromdan.mods.crash_assistant.app.CrashAssistantApp]: close() function of Minecraft failed: false
[2025-09-12 09:16:41.286] [INFO] [dev.kostromdan.mods.crash_assistant.app.CrashAssistantApp]: emergencySave() function of Minecraft fired: false
[2025-09-12 09:16:41.290] [INFO] [dev.kostromdan.mods.crash_assistant.app.CrashAssistantApp]: isModpackCreator: false
[2025-09-12 09:16:41.292] [INFO] [dev.kostromdan.mods.crash_assistant.app.CrashAssistantApp]: isHelpLinkDefault: false
[2025-09-12 09:16:41.295] [INFO] [dev.kostromdan.mods.crash_assistant.app.CrashAssistantApp]: helpLink: https://discord.gg/allthemods
[2025-09-12 09:16:41.296] [INFO] [dev.kostromdan.mods.crash_assistant.app.CrashAssistantApp]: Seems like Minecraft finished normally. Trying to locate terminated processes and Exiting Crash Assistant app.
